# JRE version: OpenJDK Runtime Environment (8.0_152-b01) (build 1.8.0_152-release-915-b01)
# Java VM: OpenJDK 64-Bit Server VM (25.152-b01 mixed mode windows-amd64 compressed oops)
Heap:
 PSYoungGen      total 212992K, used 211696K [0x00000000e0000000, 0x00000000f0480000, 0x0000000100000000)
  eden space 189952K, 100% used [0x00000000e0000000,0x00000000eb980000,0x00000000eb980000)
  from space 23040K, 94% used [0x00000000eb980000,0x00000000ecebc1a0,0x00000000ed000000)
  to   space 25600K, 99% used [0x00000000eeb80000,0x00000000f047c268,0x00000000f0480000)
 ParOldGen       total 1048576K, used 58034K [0x00000000a0000000, 0x00000000e0000000, 0x00000000e0000000)
  object space 1048576K, 5% used [0x00000000a0000000,0x00000000a38ac990,0x00000000e0000000)
 Metaspace       used 64854K, capacity 68756K, committed 68992K, reserved 1107968K
  class space    used 8614K, capacity 9517K, committed 9600K, reserved 1048576K
GC Heap History (10 events):
Event: 16.510 GC heap after
Heap after GC invocations=12 (full 2):
 PSYoungGen      total 158720K, used 14304K [0x00000000e0000000, 0x00000000ed900000, 0x0000000100000000)
  eden space 144384K, 0% used [0x00000000e0000000,0x00000000e0000000,0x00000000e8d00000)
  from space 14336K, 99% used [0x00000000ea200000,0x00000000eaff8210,0x00000000eb000000)
  to   space 21504K, 0% used [0x00000000e8d00000,0x00000000e8d00000,0x00000000ea200000)
 ParOldGen       total 125952K, used 35970K [0x00000000a0000000, 0x00000000a7b00000, 0x00000000e0000000)
  object space 125952K, 28% used [0x00000000a0000000,0x00000000a2320b38,0x00000000a7b00000)
 Metaspace       used 55024K, capacity 57456K, committed 57856K, reserved 1099776K
  class space    used 7474K, capacity 8079K, committed 8192K, reserved 1048576K
}
Event: 16.951 GC heap before
{Heap before GC invocations=13 (full 2):
 PSYoungGen      total 158720K, used 59407K [0x00000000e0000000, 0x00000000ed900000, 0x0000000100000000)
  eden space 144384K, 31% used [0x00000000e0000000,0x00000000e2c0bb98,0x00000000e8d00000)
  from space 14336K, 99% used [0x00000000ea200000,0x00000000eaff8210,0x00000000eb000000)
  to   space 21504K, 0% used [0x00000000e8d00000,0x00000000e8d00000,0x00000000ea200000)
 ParOldGen       total 125952K, used 35970K [0x00000000a0000000, 0x00000000a7b00000, 0x00000000e0000000)
  object space 125952K, 28% used [0x00000000a0000000,0x00000000a2320b38,0x00000000a7b00000)
 Metaspace       used 56298K, capacity 58896K, committed 59028K, reserved 1099776K
  class space    used 7702K, capacity 8372K, committed 8448K, reserved 1048576K
Event: 16.980 GC heap after
Heap after GC invocations=13 (full 2):
 PSYoungGen      total 165888K, used 17139K [0x00000000e0000000, 0x00000000eed80000, 0x0000000100000000)
  eden space 144384K, 0% used [0x00000000e0000000,0x00000000e0000000,0x00000000e8d00000)
  from space 21504K, 79% used [0x00000000e8d00000,0x00000000e9dbcf28,0x00000000ea200000)
  to   space 23040K, 0% used [0x00000000ed700000,0x00000000ed700000,0x00000000eed80000)
 ParOldGen       total 125952K, used 39078K [0x00000000a0000000, 0x00000000a7b00000, 0x00000000e0000000)
  object space 125952K, 31% used [0x00000000a0000000,0x00000000a2629990,0x00000000a7b00000)
 Metaspace       used 56298K, capacity 58896K, committed 59028K, reserved 1099776K
  class space    used 7702K, capacity 8372K, committed 8448K, reserved 1048576K
}
Event: 16.980 GC heap before
{Heap before GC invocations=14 (full 3):
 PSYoungGen      total 165888K, used 17139K [0x00000000e0000000, 0x00000000eed80000, 0x0000000100000000)
  eden space 144384K, 0% used [0x00000000e0000000,0x00000000e0000000,0x00000000e8d00000)
  from space 21504K, 79% used [0x00000000e8d00000,0x00000000e9dbcf28,0x00000000ea200000)
  to   space 23040K, 0% used [0x00000000ed700000,0x00000000ed700000,0x00000000eed80000)
 ParOldGen       total 125952K, used 39078K [0x00000000a0000000, 0x00000000a7b00000, 0x00000000e0000000)
  object space 125952K, 31% used [0x00000000a0000000,0x00000000a2629990,0x00000000a7b00000)
 Metaspace       used 56298K, capacity 58896K, committed 59028K, reserved 1099776K
  class space    used 7702K, capacity 8372K, committed 8448K, reserved 1048576K
Event: 17.319 GC heap after
Heap after GC invocations=14 (full 3):
 PSYoungGen      total 165888K, used 0K [0x00000000e0000000, 0x00000000eed80000, 0x0000000100000000)
  eden space 144384K, 0% used [0x00000000e0000000,0x00000000e0000000,0x00000000e8d00000)
  from space 21504K, 0% used [0x00000000e8d00000,0x00000000e8d00000,0x00000000ea200000)
  to   space 23040K, 0% used [0x00000000ed700000,0x00000000ed700000,0x00000000eed80000)
 ParOldGen       total 197632K, used 46697K [0x00000000a0000000, 0x00000000ac100000, 0x00000000e0000000)
  object space 197632K, 23% used [0x00000000a0000000,0x00000000a2d9a5c8,0x00000000ac100000)
 Metaspace       used 56298K, capacity 58896K, committed 59028K, reserved 1099776K
  class space    used 7702K, capacity 8372K, committed 8448K, reserved 1048576K
}
Event: 20.907 GC heap before
{Heap before GC invocations=15 (full 3):
 PSYoungGen      total 165888K, used 144384K [0x00000000e0000000, 0x00000000eed80000, 0x0000000100000000)
  eden space 144384K, 100% used [0x00000000e0000000,0x00000000e8d00000,0x00000000e8d00000)
  from space 21504K, 0% used [0x00000000e8d00000,0x00000000e8d00000,0x00000000ea200000)
  to   space 23040K, 0% used [0x00000000ed700000,0x00000000ed700000,0x00000000eed80000)
 ParOldGen       total 197632K, used 46697K [0x00000000a0000000, 0x00000000ac100000, 0x00000000e0000000)
  object space 197632K, 23% used [0x00000000a0000000,0x00000000a2d9a5c8,0x00000000ac100000)
 Metaspace       used 57951K, capacity 60708K, committed 60928K, reserved 1101824K
  class space    used 7908K, capacity 8624K, committed 8704K, reserved 1048576K
Event: 20.923 GC heap after
Heap after GC invocations=15 (full 3):
 PSYoungGen      total 194560K, used 15797K [0x00000000e0000000, 0x00000000ee680000, 0x0000000100000000)
  eden space 178688K, 0% used [0x00000000e0000000,0x00000000e0000000,0x00000000eae80000)
  from space 15872K, 99% used [0x00000000ed700000,0x00000000ee66d610,0x00000000ee680000)
  to   space 23040K, 0% used [0x00000000eb980000,0x00000000eb980000,0x00000000ed000000)
 ParOldGen       total 197632K, used 46705K [0x00000000a0000000, 0x00000000ac100000, 0x00000000e0000000)
  object space 197632K, 23% used [0x00000000a0000000,0x00000000a2d9c5c8,0x00000000ac100000)
 Metaspace       used 57951K, capacity 60708K, committed 60928K, reserved 1101824K
  class space    used 7908K, capacity 8624K, committed 8704K, reserved 1048576K
}
Event: 29.471 GC heap before
{Heap before GC invocations=16 (full 3):
 PSYoungGen      total 194560K, used 194485K [0x00000000e0000000, 0x00000000ee680000, 0x0000000100000000)
  eden space 178688K, 100% used [0x00000000e0000000,0x00000000eae80000,0x00000000eae80000)
  from space 15872K, 99% used [0x00000000ed700000,0x00000000ee66d610,0x00000000ee680000)
  to   space 23040K, 0% used [0x00000000eb980000,0x00000000eb980000,0x00000000ed000000)
 ParOldGen       total 197632K, used 46705K [0x00000000a0000000, 0x00000000ac100000, 0x00000000e0000000)
  object space 197632K, 23% used [0x00000000a0000000,0x00000000a2d9c5c8,0x00000000ac100000)
 Metaspace       used 60814K, capacity 64068K, committed 64384K, reserved 1103872K
  class space    used 8191K, capacity 8979K, committed 9088K, reserved 1048576K
Event: 29.510 GC heap after
Heap after GC invocations=16 (full 3):
 PSYoungGen      total 212992K, used 21744K [0x00000000e0000000, 0x00000000f0480000, 0x0000000100000000)
  eden space 189952K, 0% used [0x00000000e0000000,0x00000000e0000000,0x00000000eb980000)
  from space 23040K, 94% used [0x00000000eb980000,0x00000000ecebc1a0,0x00000000ed000000)
  to   space 25600K, 0% used [0x00000000eeb80000,0x00000000eeb80000,0x00000000f0480000)
 ParOldGen       total 197632K, used 46713K [0x00000000a0000000, 0x00000000ac100000, 0x00000000e0000000)
  object space 197632K, 23% used [0x00000000a0000000,0x00000000a2d9e5c8,0x00000000ac100000)
 Metaspace       used 60814K, capacity 64068K, committed 64384K, reserved 1103872K
  class space    used 8191K, capacity 8979K, committed 9088K, reserved 1048576K
}
Event: 42.901 GC heap before
{Heap before GC invocations=17 (full 3):
 PSYoungGen      total 212992K, used 211696K [0x00000000e0000000, 0x00000000f0480000, 0x0000000100000000)
  eden space 189952K, 100% used [0x00000000e0000000,0x00000000eb980000,0x00000000eb980000)
  from space 23040K, 94% used [0x00000000eb980000,0x00000000ecebc1a0,0x00000000ed000000)
  to   space 25600K, 0% used [0x00000000eeb80000,0x00000000eeb80000,0x00000000f0480000)
 ParOldGen       total 197632K, used 46713K [0x00000000a0000000, 0x00000000ac100000, 0x00000000e0000000)
  object space 197632K, 23% used [0x00000000a0000000,0x00000000a2d9e5c8,0x00000000ac100000)
 Metaspace       used 64854K, capacity 68756K, committed 68992K, reserved 1107968K
  class space    used 8614K, capacity 9517K, committed 9600K, reserved 1048576K

